<?xml version="1.0" encoding="UTF-8"?>
<!-- Generated by org.testng.reporters.JUnitXMLReporter -->
<testsuite hostname="IN-R90FTBDP" ignored="0" name="Default test" tests="4" failures="0" timestamp="2020-07-14T22:09:52 IST" time="4.042" errors="0">
  <testcase name="testOne" time="1.007" classname="tests.FactoryObject"/>
  <testcase name="testOne" time="1.002" classname="tests.FactoryObject"/>
  <testcase name="testTwo" time="1.001" classname="tests.FactoryObject"/>
  <testcase name="testTwo" time="1.001" classname="tests.FactoryObject"/>
</testsuite> <!-- Default test -->
