<?xml version="1.0" encoding="UTF-8"?>
<testng-results skipped="0" failed="0" ignored="0" total="4" passed="4">
  <reporter-output>
  </reporter-output>
  <suite name="Default suite" duration-ms="4042" started-at="2020-07-14T22:09:48 IST" finished-at="2020-07-14T22:09:52 IST">
    <groups>
    </groups>
    <test name="Default test" duration-ms="4042" started-at="2020-07-14T22:09:48 IST" finished-at="2020-07-14T22:09:52 IST">
      <class name="tests.FactoryObject">
        <test-method status="PASS" signature="testOne()[pri:0, instance:tests.FactoryObject@52feb982, instance params:[]]" name="testOne" duration-ms="1007" started-at="2020-07-14T22:09:48 IST" finished-at="2020-07-14T22:09:49 IST">
          <reporter-output>
          </reporter-output>
        </test-method> <!-- testOne -->
        <test-method status="PASS" signature="testOne()[pri:0, instance:tests.FactoryObject@7a765367, instance params:[]]" name="testOne" duration-ms="1002" started-at="2020-07-14T22:09:49 IST" finished-at="2020-07-14T22:09:50 IST">
          <reporter-output>
          </reporter-output>
        </test-method> <!-- testOne -->
        <test-method status="PASS" signature="testTwo()[pri:0, instance:tests.FactoryObject@52feb982, instance params:[]]" name="testTwo" duration-ms="1001" started-at="2020-07-14T22:09:50 IST" finished-at="2020-07-14T22:09:51 IST">
          <reporter-output>
          </reporter-output>
        </test-method> <!-- testTwo -->
        <test-method status="PASS" signature="testTwo()[pri:0, instance:tests.FactoryObject@7a765367, instance params:[]]" name="testTwo" duration-ms="1001" started-at="2020-07-14T22:09:51 IST" finished-at="2020-07-14T22:09:52 IST">
          <reporter-output>
          </reporter-output>
        </test-method> <!-- testTwo -->
      </class> <!-- tests.FactoryObject -->
    </test> <!-- Default test -->
  </suite> <!-- Default suite -->
</testng-results>
